{"time": "2025-10-31 06:55:16,899", "level": "INFO", "logger": "appLogger", "message": "🚀 Application started"}
{"time": "2025-10-31 06:55:43,131", "level": "INFO", "logger": "appLogger", "message": "🚀 Application started"}
{"time": "2025-10-31 06:56:13,657", "level": "INFO", "logger": "appLogger", "message": "🚀 Application started"}
{"time": "2025-10-31 06:56:13,657", "level": "INFO", "logger": "appLogger", "message": "Training pipeline initiated..."}
{"time": "2025-10-31 06:56:13,658", "level": "DEBUG", "logger": "appLogger", "message": "Epoch 1: processing data..."}
{"time": "2025-10-31 06:56:14,659", "level": "DEBUG", "logger": "appLogger", "message": "Epoch 2: processing data..."}
{"time": "2025-10-31 06:56:15,660", "level": "DEBUG", "logger": "appLogger", "message": "Epoch 3: processing data..."}
{"time": "2025-10-31 06:56:16,660", "level": "INFO", "logger": "appLogger", "message": "Training completed successfully!"}
{"time": "2025-10-31 06:56:16,660", "level": "INFO", "logger": "appLogger", "message": "✅ Application finished successfully"}
{"time": "2025-10-31 06:56:41,282", "level": "INFO", "logger": "appLogger", "message": "Application started"}
{"time": "2025-10-31 06:56:41,283", "level": "INFO", "logger": "appLogger", "message": "Training pipeline initiated..."}
{"time": "2025-10-31 06:56:41,283", "level": "DEBUG", "logger": "appLogger", "message": "Epoch 1: processing data..."}
{"time": "2025-10-31 06:56:42,284", "level": "DEBUG", "logger": "appLogger", "message": "Epoch 2: processing data..."}
{"time": "2025-10-31 06:56:43,284", "level": "DEBUG", "logger": "appLogger", "message": "Epoch 3: processing data..."}
{"time": "2025-10-31 06:56:44,285", "level": "INFO", "logger": "appLogger", "message": "Training completed successfully!"}
{"time": "2025-10-31 06:56:44,285", "level": "INFO", "logger": "appLogger", "message": "Application finished successfully"}
{"time": "2025-10-31 07:02:17,764", "level": "INFO", "logger": "appLogger", "message": "Application started"}
{"time": "2025-10-31 07:02:17,765", "level": "INFO", "logger": "appLogger", "message": "Training pipeline initiated..."}
{"time": "2025-10-31 07:02:17,766", "level": "DEBUG", "logger": "appLogger", "message": "Epoch 1: processing data..."}
{"time": "2025-10-31 07:02:18,767", "level": "DEBUG", "logger": "appLogger", "message": "Epoch 2: processing data..."}
{"time": "2025-10-31 07:02:19,768", "level": "DEBUG", "logger": "appLogger", "message": "Epoch 3: processing data..."}
{"time": "2025-10-31 07:02:20,768", "level": "INFO", "logger": "appLogger", "message": "Training completed successfully!"}
{"time": "2025-10-31 07:02:20,768", "level": "INFO", "logger": "appLogger", "message": "Application finished successfully"}
{"time": "2025-10-31 07:15:47,555", "level": "INFO", "logger": "appLogger", "message": "Application started"}
{"time": "2025-10-31 07:15:47,555", "level": "INFO", "logger": "appLogger", "message": "Training pipeline initiated..."}
{"time": "2025-10-31 07:15:47,556", "level": "DEBUG", "logger": "appLogger", "message": "Epoch 1: processing data..."}
{"time": "2025-10-31 07:15:48,557", "level": "DEBUG", "logger": "appLogger", "message": "Epoch 2: processing data..."}
{"time": "2025-10-31 07:15:49,557", "level": "DEBUG", "logger": "appLogger", "message": "Epoch 3: processing data..."}
{"time": "2025-10-31 07:15:50,558", "level": "INFO", "logger": "appLogger", "message": "Training completed successfully!"}
{"time": "2025-10-31 07:15:50,559", "level": "INFO", "logger": "appLogger", "message": "Application finished successfully"}
{"time": "2025-10-31 07:22:37,928", "level": "INFO", "logger": "appLogger", "message": "Application started"}
{"time": "2025-10-31 07:22:37,928", "level": "INFO", "logger": "appLogger", "message": "Training pipeline initiated..."}
{"time": "2025-10-31 07:22:37,929", "level": "DEBUG", "logger": "appLogger", "message": "Epoch 1: processing data..."}
{"time": "2025-10-31 07:22:38,930", "level": "DEBUG", "logger": "appLogger", "message": "Epoch 2: processing data..."}
{"time": "2025-10-31 07:22:39,930", "level": "DEBUG", "logger": "appLogger", "message": "Epoch 3: processing data..."}
{"time": "2025-10-31 07:22:40,930", "level": "INFO", "logger": "appLogger", "message": "Training completed successfully!"}
{"time": "2025-10-31 07:22:40,930", "level": "INFO", "logger": "appLogger", "message": "Application finished successfully"}
